X 4 Y 8 TIME 0.055
X 4 Y 12 TIME 0.058
X 4 Y 16 TIME 0.04
X 4 Y 20 TIME 0.044
X 4 Y 24 TIME 0.041
X 4 Y 28 TIME 0.046
X 4 Y 32 TIME 0.041

X 8 Y 4 TIME 0.044
X 8 Y 8 TIME 0.043
X 8 Y 12 TIME 0.042
X 8 Y 16 TIME 0.038
X 8 Y 20 TIME 0.04
X 8 Y 24 TIME 0.043
X 8 Y 28 TIME 0.042
X 8 Y 32 TIME 0.04

X 12 Y 4 TIME 0.074
X 12 Y 8 TIME 0.053
X 12 Y 12 TIME 0.05
X 12 Y 16 TIME 0.05
X 12 Y 20 TIME 0.048
X 12 Y 24 TIME 0.044
X 12 Y 28 TIME 0.053
X 12 Y 32 TIME 0.049

X 16 Y 4 TIME 0.064
X 16 Y 8 TIME 0.057
X 16 Y 12 TIME 0.054
X 16 Y 16 TIME 0.055
X 16 Y 20 TIME 0.062
X 16 Y 24 TIME 0.064
X 16 Y 28 TIME 0.058
X 16 Y 32 TIME 0.057

X 20 Y 4 TIME 0.084
X 20 Y 8 TIME 0.074
X 20 Y 12 TIME 0.065
X 20 Y 16 TIME 0.071
X 20 Y 20 TIME 0.088
X 20 Y 24 TIME 0.07
X 20 Y 28 TIME 0.077
X 20 Y 32 TIME 0.088

X 24 Y 4 TIME 0.104
X 24 Y 8 TIME 0.088
X 24 Y 12 TIME 0.076
X 24 Y 16 TIME 0.091
X 24 Y 20 TIME 0.119
X 24 Y 24 TIME 0.1
X 24 Y 28 TIME 0.109
X 24 Y 32 TIME 0.12

X 28 Y 4 TIME 0.092
X 28 Y 8 TIME 0.108
X 28 Y 12 TIME 0.089
X 28 Y 16 TIME 0.108
X 28 Y 20 TIME 0.103
X 28 Y 24 TIME 0.126
X 28 Y 28 TIME 0.144
X 28 Y 32 TIME 0.127

X 32 Y 4 TIME 0.097
X 32 Y 8 TIME 0.114
X 32 Y 12 TIME 0.091
X 32 Y 16 TIME 0.115
X 32 Y 20 TIME 0.125
X 32 Y 24 TIME 0.15
X 32 Y 28 TIME 0.176
X 32 Y 32 TIME 0.164

ROWS: X
COLUMNS: Y

 *     4     8    12    16    20    24    28    32
 4   N/A 0.055 0.058 0.04  0.044 0.041 0.046 0.041
 8 0.044 0.043 0.042 0.038 0.04  0.043 0.042 0.04
12 0.074 0.053 0.05  0.05  0.048 0.044 0.053 0.049
16 0.064 0.057 0.054 0.055 0.062 0.064 0.058 0.057
20 0.084 0.074 0.065 0.071 0.088 0.07  0.077 0.088
24 0.104 0.088 0.076 0.091 0.119 0.1   0.109 0.12
28 0.092 0.108 0.089 0.108 0.103 0.126 0.144 0.127
32 0.097 0.114 0.091 0.115 0.125 0.15  0.176 0.164